<?xml version="1.0" encoding="UTF-8"?>
<testng-results ignored="0" total="14" passed="11" failed="3" skipped="0">
  <reporter-output>
  </reporter-output>
  <suite started-at="2021-04-05T03:12:50 IST" name="Suite" finished-at="2021-04-05T03:13:48 IST" duration-ms="58581">
    <groups>
    </groups>
    <test started-at="2021-04-05T03:12:50 IST" name="Test" finished-at="2021-04-05T03:13:48 IST" duration-ms="58581">
      <class name="DashboardTests.DashboardTestcases">
        <test-method is-config="true" signature="setup()[pri:0, instance:DashboardTests.DashboardTestcases@48bfb884]" started-at="2021-04-05T03:12:50 IST" name="setup" finished-at="2021-04-05T03:12:54 IST" duration-ms="4480" status="PASS">
          <reporter-output>
          </reporter-output>
        </test-method> <!-- setup -->
        <test-method signature="irrelevantsearch()[pri:1, instance:DashboardTests.DashboardTestcases@48bfb884]" started-at="2021-04-05T03:12:55 IST" name="irrelevantsearch" finished-at="2021-04-05T03:12:55 IST" duration-ms="606" status="PASS">
          <reporter-output>
          </reporter-output>
        </test-method> <!-- irrelevantsearch -->
        <test-method is-config="true" signature="tearDown()[pri:0, instance:DashboardTests.DashboardTestcases@48bfb884]" started-at="2021-04-05T03:12:55 IST" name="tearDown" finished-at="2021-04-05T03:12:56 IST" duration-ms="804" status="PASS">
          <reporter-output>
          </reporter-output>
        </test-method> <!-- tearDown -->
        <test-method is-config="true" signature="setup()[pri:0, instance:DashboardTests.DashboardTestcases@48bfb884]" started-at="2021-04-05T03:12:56 IST" name="setup" finished-at="2021-04-05T03:12:59 IST" duration-ms="2582" status="PASS">
          <reporter-output>
          </reporter-output>
        </test-method> <!-- setup -->
        <test-method signature="dashboardname()[pri:2, instance:DashboardTests.DashboardTestcases@48bfb884]" started-at="2021-04-05T03:12:59 IST" name="dashboardname" finished-at="2021-04-05T03:12:59 IST" duration-ms="343" status="PASS">
          <reporter-output>
          </reporter-output>
        </test-method> <!-- dashboardname -->
        <test-method is-config="true" signature="tearDown()[pri:0, instance:DashboardTests.DashboardTestcases@48bfb884]" started-at="2021-04-05T03:12:59 IST" name="tearDown" finished-at="2021-04-05T03:13:00 IST" duration-ms="695" status="PASS">
          <reporter-output>
          </reporter-output>
        </test-method> <!-- tearDown -->
        <test-method is-config="true" signature="setup()[pri:0, instance:DashboardTests.DashboardTestcases@48bfb884]" started-at="2021-04-05T03:13:00 IST" name="setup" finished-at="2021-04-05T03:13:02 IST" duration-ms="2635" status="PASS">
          <reporter-output>
          </reporter-output>
        </test-method> <!-- setup -->
        <test-method signature="verifyilogoTest()[pri:3, instance:DashboardTests.DashboardTestcases@48bfb884]" started-at="2021-04-05T03:13:02 IST" name="verifyilogoTest" finished-at="2021-04-05T03:13:03 IST" duration-ms="274" status="PASS">
          <reporter-output>
          </reporter-output>
        </test-method> <!-- verifyilogoTest -->
        <test-method is-config="true" signature="tearDown()[pri:0, instance:DashboardTests.DashboardTestcases@48bfb884]" started-at="2021-04-05T03:13:03 IST" name="tearDown" finished-at="2021-04-05T03:13:03 IST" duration-ms="713" status="PASS">
          <reporter-output>
          </reporter-output>
        </test-method> <!-- tearDown -->
        <test-method is-config="true" signature="setup()[pri:0, instance:DashboardTests.DashboardTestcases@48bfb884]" started-at="2021-04-05T03:13:03 IST" name="setup" finished-at="2021-04-05T03:13:06 IST" duration-ms="2506" status="PASS">
          <reporter-output>
          </reporter-output>
        </test-method> <!-- setup -->
        <test-method signature="pageTitle()[pri:4, instance:DashboardTests.DashboardTestcases@48bfb884]" started-at="2021-04-05T03:13:06 IST" name="pageTitle" finished-at="2021-04-05T03:13:06 IST" duration-ms="8" status="PASS">
          <reporter-output>
          </reporter-output>
        </test-method> <!-- pageTitle -->
        <test-method is-config="true" signature="tearDown()[pri:0, instance:DashboardTests.DashboardTestcases@48bfb884]" started-at="2021-04-05T03:13:06 IST" name="tearDown" finished-at="2021-04-05T03:13:06 IST" duration-ms="649" status="PASS">
          <reporter-output>
          </reporter-output>
        </test-method> <!-- tearDown -->
        <test-method is-config="true" signature="setup()[pri:0, instance:DashboardTests.DashboardTestcases@48bfb884]" started-at="2021-04-05T03:13:06 IST" name="setup" finished-at="2021-04-05T03:13:09 IST" duration-ms="2542" status="PASS">
          <reporter-output>
          </reporter-output>
        </test-method> <!-- setup -->
        <test-method signature="ClickHome()[pri:5, instance:DashboardTests.DashboardTestcases@48bfb884]" started-at="2021-04-05T03:13:09 IST" name="ClickHome" finished-at="2021-04-05T03:13:09 IST" duration-ms="457" status="PASS">
          <reporter-output>
          </reporter-output>
        </test-method> <!-- ClickHome -->
        <test-method is-config="true" signature="tearDown()[pri:0, instance:DashboardTests.DashboardTestcases@48bfb884]" started-at="2021-04-05T03:13:09 IST" name="tearDown" finished-at="2021-04-05T03:13:10 IST" duration-ms="651" status="PASS">
          <reporter-output>
          </reporter-output>
        </test-method> <!-- tearDown -->
        <test-method is-config="true" signature="setup()[pri:0, instance:DashboardTests.DashboardTestcases@48bfb884]" started-at="2021-04-05T03:13:10 IST" name="setup" finished-at="2021-04-05T03:13:13 IST" duration-ms="2561" status="PASS">
          <reporter-output>
          </reporter-output>
        </test-method> <!-- setup -->
        <test-method signature="ClickDuplica()[pri:6, instance:DashboardTests.DashboardTestcases@48bfb884]" started-at="2021-04-05T03:13:13 IST" name="ClickDuplica" finished-at="2021-04-05T03:13:13 IST" duration-ms="446" status="PASS">
          <reporter-output>
          </reporter-output>
        </test-method> <!-- ClickDuplica -->
        <test-method is-config="true" signature="tearDown()[pri:0, instance:DashboardTests.DashboardTestcases@48bfb884]" started-at="2021-04-05T03:13:13 IST" name="tearDown" finished-at="2021-04-05T03:13:14 IST" duration-ms="659" status="PASS">
          <reporter-output>
          </reporter-output>
        </test-method> <!-- tearDown -->
        <test-method is-config="true" signature="setup()[pri:0, instance:DashboardTests.DashboardTestcases@48bfb884]" started-at="2021-04-05T03:13:14 IST" name="setup" finished-at="2021-04-05T03:13:16 IST" duration-ms="2535" status="PASS">
          <reporter-output>
          </reporter-output>
        </test-method> <!-- setup -->
        <test-method signature="ClickExportData()[pri:7, instance:DashboardTests.DashboardTestcases@48bfb884]" started-at="2021-04-05T03:13:16 IST" name="ClickExportData" finished-at="2021-04-05T03:13:17 IST" duration-ms="444" status="PASS">
          <reporter-output>
          </reporter-output>
        </test-method> <!-- ClickExportData -->
        <test-method is-config="true" signature="tearDown()[pri:0, instance:DashboardTests.DashboardTestcases@48bfb884]" started-at="2021-04-05T03:13:17 IST" name="tearDown" finished-at="2021-04-05T03:13:18 IST" duration-ms="683" status="PASS">
          <reporter-output>
          </reporter-output>
        </test-method> <!-- tearDown -->
        <test-method is-config="true" signature="setup()[pri:0, instance:DashboardTests.DashboardTestcases@48bfb884]" started-at="2021-04-05T03:13:18 IST" name="setup" finished-at="2021-04-05T03:13:20 IST" duration-ms="2573" status="PASS">
          <reporter-output>
          </reporter-output>
        </test-method> <!-- setup -->
        <test-method signature="LogoClickReturn()[pri:8, instance:DashboardTests.DashboardTestcases@48bfb884]" started-at="2021-04-05T03:13:20 IST" name="LogoClickReturn" finished-at="2021-04-05T03:13:21 IST" duration-ms="866" status="PASS">
          <reporter-output>
          </reporter-output>
        </test-method> <!-- LogoClickReturn -->
        <test-method is-config="true" signature="tearDown()[pri:0, instance:DashboardTests.DashboardTestcases@48bfb884]" started-at="2021-04-05T03:13:21 IST" name="tearDown" finished-at="2021-04-05T03:13:22 IST" duration-ms="834" status="PASS">
          <reporter-output>
          </reporter-output>
        </test-method> <!-- tearDown -->
        <test-method is-config="true" signature="setup()[pri:0, instance:DashboardTests.DashboardTestcases@48bfb884]" started-at="2021-04-05T03:13:22 IST" name="setup" finished-at="2021-04-05T03:13:24 IST" duration-ms="2541" status="PASS">
          <reporter-output>
          </reporter-output>
        </test-method> <!-- setup -->
        <test-method signature="DateTimewronginput()[pri:9, instance:DashboardTests.DashboardTestcases@48bfb884]" started-at="2021-04-05T03:13:24 IST" name="DateTimewronginput" finished-at="2021-04-05T03:13:25 IST" duration-ms="753" status="PASS">
          <reporter-output>
          </reporter-output>
        </test-method> <!-- DateTimewronginput -->
        <test-method is-config="true" signature="tearDown()[pri:0, instance:DashboardTests.DashboardTestcases@48bfb884]" started-at="2021-04-05T03:13:25 IST" name="tearDown" finished-at="2021-04-05T03:13:26 IST" duration-ms="642" status="PASS">
          <reporter-output>
          </reporter-output>
        </test-method> <!-- tearDown -->
        <test-method is-config="true" signature="setup()[pri:0, instance:DashboardTests.DashboardTestcases@48bfb884]" started-at="2021-04-05T03:13:26 IST" name="setup" finished-at="2021-04-05T03:13:28 IST" duration-ms="2560" status="PASS">
          <reporter-output>
          </reporter-output>
        </test-method> <!-- setup -->
        <test-method signature="editable()[pri:10, instance:DashboardTests.DashboardTestcases@48bfb884]" started-at="2021-04-05T03:13:28 IST" name="editable" finished-at="2021-04-05T03:13:29 IST" duration-ms="629" status="FAIL">
          <exception class="java.lang.AssertionError">
            <message>
              <![CDATA[The Dashboard name is not editable as attributes not matching with expected expected [title title-editable] but found [title]]]>
            </message>
            <full-stacktrace>
              <![CDATA[java.lang.AssertionError: The Dashboard name is not editable as attributes not matching with expected expected [title title-editable] but found [title]
at org.testng.Assert.fail(Assert.java:99)
at org.testng.Assert.failNotEquals(Assert.java:1037)
at org.testng.Assert.assertEqualsImpl(Assert.java:140)
at org.testng.Assert.assertEquals(Assert.java:122)
at org.testng.Assert.assertEquals(Assert.java:629)
at DashboardTests.DashboardTestcases.editable(DashboardTestcases.java:139)
at java.base/jdk.internal.reflect.NativeMethodAccessorImpl.invoke0(Native Method)
at java.base/jdk.internal.reflect.NativeMethodAccessorImpl.invoke(NativeMethodAccessorImpl.java:64)
at java.base/jdk.internal.reflect.DelegatingMethodAccessorImpl.invoke(DelegatingMethodAccessorImpl.java:43)
at java.base/java.lang.reflect.Method.invoke(Method.java:564)
at org.testng.internal.MethodInvocationHelper.invokeMethod(MethodInvocationHelper.java:132)
at org.testng.internal.TestInvoker.invokeMethod(TestInvoker.java:599)
at org.testng.internal.TestInvoker.invokeTestMethod(TestInvoker.java:174)
at org.testng.internal.MethodRunner.runInSequence(MethodRunner.java:46)
at org.testng.internal.TestInvoker$MethodInvocationAgent.invoke(TestInvoker.java:822)
at org.testng.internal.TestInvoker.invokeTestMethods(TestInvoker.java:147)
at org.testng.internal.TestMethodWorker.invokeTestMethods(TestMethodWorker.java:146)
at org.testng.internal.TestMethodWorker.run(TestMethodWorker.java:128)
at java.base/java.util.ArrayList.forEach(ArrayList.java:1511)
at org.testng.TestRunner.privateRun(TestRunner.java:764)
at org.testng.TestRunner.run(TestRunner.java:585)
at org.testng.SuiteRunner.runTest(SuiteRunner.java:384)
at org.testng.SuiteRunner.runSequentially(SuiteRunner.java:378)
at org.testng.SuiteRunner.privateRun(SuiteRunner.java:337)
at org.testng.SuiteRunner.run(SuiteRunner.java:286)
at org.testng.SuiteRunnerWorker.runSuite(SuiteRunnerWorker.java:53)
at org.testng.SuiteRunnerWorker.run(SuiteRunnerWorker.java:96)
at org.testng.TestNG.runSuitesSequentially(TestNG.java:1218)
at org.testng.TestNG.runSuitesLocally(TestNG.java:1140)
at org.testng.TestNG.runSuites(TestNG.java:1069)
at org.testng.TestNG.run(TestNG.java:1037)
at org.testng.remote.AbstractRemoteTestNG.run(AbstractRemoteTestNG.java:115)
at org.testng.remote.RemoteTestNG.initAndRun(RemoteTestNG.java:251)
at org.testng.remote.RemoteTestNG.main(RemoteTestNG.java:77)
]]>
            </full-stacktrace>
          </exception> <!-- java.lang.AssertionError -->
          <reporter-output>
          </reporter-output>
        </test-method> <!-- editable -->
        <test-method is-config="true" signature="tearDown()[pri:0, instance:DashboardTests.DashboardTestcases@48bfb884]" started-at="2021-04-05T03:13:31 IST" name="tearDown" finished-at="2021-04-05T03:13:31 IST" duration-ms="657" status="PASS">
          <reporter-output>
          </reporter-output>
        </test-method> <!-- tearDown -->
        <test-method is-config="true" signature="setup()[pri:0, instance:DashboardTests.DashboardTestcases@48bfb884]" started-at="2021-04-05T03:13:31 IST" name="setup" finished-at="2021-04-05T03:13:34 IST" duration-ms="2505" status="PASS">
          <reporter-output>
          </reporter-output>
        </test-method> <!-- setup -->
        <test-method signature="AddwidgetDisabled()[pri:11, instance:DashboardTests.DashboardTestcases@48bfb884]" started-at="2021-04-05T03:13:34 IST" name="AddwidgetDisabled" finished-at="2021-04-05T03:13:34 IST" duration-ms="420" status="FAIL">
          <exception class="java.lang.AssertionError">
            <message>
              <![CDATA[As per user manual button should be enabled expected [btn btn-primary] but found [btn btn-default disabled]]]>
            </message>
            <full-stacktrace>
              <![CDATA[java.lang.AssertionError: As per user manual button should be enabled expected [btn btn-primary] but found [btn btn-default disabled]
at org.testng.Assert.fail(Assert.java:99)
at org.testng.Assert.failNotEquals(Assert.java:1037)
at org.testng.Assert.assertEqualsImpl(Assert.java:140)
at org.testng.Assert.assertEquals(Assert.java:122)
at org.testng.Assert.assertEquals(Assert.java:629)
at DashboardTests.DashboardTestcases.AddwidgetDisabled(DashboardTestcases.java:149)
at java.base/jdk.internal.reflect.NativeMethodAccessorImpl.invoke0(Native Method)
at java.base/jdk.internal.reflect.NativeMethodAccessorImpl.invoke(NativeMethodAccessorImpl.java:64)
at java.base/jdk.internal.reflect.DelegatingMethodAccessorImpl.invoke(DelegatingMethodAccessorImpl.java:43)
at java.base/java.lang.reflect.Method.invoke(Method.java:564)
at org.testng.internal.MethodInvocationHelper.invokeMethod(MethodInvocationHelper.java:132)
at org.testng.internal.TestInvoker.invokeMethod(TestInvoker.java:599)
at org.testng.internal.TestInvoker.invokeTestMethod(TestInvoker.java:174)
at org.testng.internal.MethodRunner.runInSequence(MethodRunner.java:46)
at org.testng.internal.TestInvoker$MethodInvocationAgent.invoke(TestInvoker.java:822)
at org.testng.internal.TestInvoker.invokeTestMethods(TestInvoker.java:147)
at org.testng.internal.TestMethodWorker.invokeTestMethods(TestMethodWorker.java:146)
at org.testng.internal.TestMethodWorker.run(TestMethodWorker.java:128)
at java.base/java.util.ArrayList.forEach(ArrayList.java:1511)
at org.testng.TestRunner.privateRun(TestRunner.java:764)
at org.testng.TestRunner.run(TestRunner.java:585)
at org.testng.SuiteRunner.runTest(SuiteRunner.java:384)
at org.testng.SuiteRunner.runSequentially(SuiteRunner.java:378)
at org.testng.SuiteRunner.privateRun(SuiteRunner.java:337)
at org.testng.SuiteRunner.run(SuiteRunner.java:286)
at org.testng.SuiteRunnerWorker.runSuite(SuiteRunnerWorker.java:53)
at org.testng.SuiteRunnerWorker.run(SuiteRunnerWorker.java:96)
at org.testng.TestNG.runSuitesSequentially(TestNG.java:1218)
at org.testng.TestNG.runSuitesLocally(TestNG.java:1140)
at org.testng.TestNG.runSuites(TestNG.java:1069)
at org.testng.TestNG.run(TestNG.java:1037)
at org.testng.remote.AbstractRemoteTestNG.run(AbstractRemoteTestNG.java:115)
at org.testng.remote.RemoteTestNG.initAndRun(RemoteTestNG.java:251)
at org.testng.remote.RemoteTestNG.main(RemoteTestNG.java:77)
]]>
            </full-stacktrace>
          </exception> <!-- java.lang.AssertionError -->
          <reporter-output>
          </reporter-output>
        </test-method> <!-- AddwidgetDisabled -->
        <test-method is-config="true" signature="tearDown()[pri:0, instance:DashboardTests.DashboardTestcases@48bfb884]" started-at="2021-04-05T03:13:35 IST" name="tearDown" finished-at="2021-04-05T03:13:36 IST" duration-ms="666" status="PASS">
          <reporter-output>
          </reporter-output>
        </test-method> <!-- tearDown -->
        <test-method is-config="true" signature="setup()[pri:0, instance:DashboardTests.DashboardTestcases@48bfb884]" started-at="2021-04-05T03:13:36 IST" name="setup" finished-at="2021-04-05T03:13:38 IST" duration-ms="2531" status="PASS">
          <reporter-output>
          </reporter-output>
        </test-method> <!-- setup -->
        <test-method signature="ShareDisabled()[pri:12, instance:DashboardTests.DashboardTestcases@48bfb884]" started-at="2021-04-05T03:13:38 IST" name="ShareDisabled" finished-at="2021-04-05T03:13:39 IST" duration-ms="413" status="FAIL">
          <exception class="java.lang.AssertionError">
            <message>
              <![CDATA[As per user manual button should be enabled expected [btn btn-primary] but found [btn btn-default disabled]]]>
            </message>
            <full-stacktrace>
              <![CDATA[java.lang.AssertionError: As per user manual button should be enabled expected [btn btn-primary] but found [btn btn-default disabled]
at org.testng.Assert.fail(Assert.java:99)
at org.testng.Assert.failNotEquals(Assert.java:1037)
at org.testng.Assert.assertEqualsImpl(Assert.java:140)
at org.testng.Assert.assertEquals(Assert.java:122)
at org.testng.Assert.assertEquals(Assert.java:629)
at DashboardTests.DashboardTestcases.ShareDisabled(DashboardTestcases.java:159)
at java.base/jdk.internal.reflect.NativeMethodAccessorImpl.invoke0(Native Method)
at java.base/jdk.internal.reflect.NativeMethodAccessorImpl.invoke(NativeMethodAccessorImpl.java:64)
at java.base/jdk.internal.reflect.DelegatingMethodAccessorImpl.invoke(DelegatingMethodAccessorImpl.java:43)
at java.base/java.lang.reflect.Method.invoke(Method.java:564)
at org.testng.internal.MethodInvocationHelper.invokeMethod(MethodInvocationHelper.java:132)
at org.testng.internal.TestInvoker.invokeMethod(TestInvoker.java:599)
at org.testng.internal.TestInvoker.invokeTestMethod(TestInvoker.java:174)
at org.testng.internal.MethodRunner.runInSequence(MethodRunner.java:46)
at org.testng.internal.TestInvoker$MethodInvocationAgent.invoke(TestInvoker.java:822)
at org.testng.internal.TestInvoker.invokeTestMethods(TestInvoker.java:147)
at org.testng.internal.TestMethodWorker.invokeTestMethods(TestMethodWorker.java:146)
at org.testng.internal.TestMethodWorker.run(TestMethodWorker.java:128)
at java.base/java.util.ArrayList.forEach(ArrayList.java:1511)
at org.testng.TestRunner.privateRun(TestRunner.java:764)
at org.testng.TestRunner.run(TestRunner.java:585)
at org.testng.SuiteRunner.runTest(SuiteRunner.java:384)
at org.testng.SuiteRunner.runSequentially(SuiteRunner.java:378)
at org.testng.SuiteRunner.privateRun(SuiteRunner.java:337)
at org.testng.SuiteRunner.run(SuiteRunner.java:286)
at org.testng.SuiteRunnerWorker.runSuite(SuiteRunnerWorker.java:53)
at org.testng.SuiteRunnerWorker.run(SuiteRunnerWorker.java:96)
at org.testng.TestNG.runSuitesSequentially(TestNG.java:1218)
at org.testng.TestNG.runSuitesLocally(TestNG.java:1140)
at org.testng.TestNG.runSuites(TestNG.java:1069)
at org.testng.TestNG.run(TestNG.java:1037)
at org.testng.remote.AbstractRemoteTestNG.run(AbstractRemoteTestNG.java:115)
at org.testng.remote.RemoteTestNG.initAndRun(RemoteTestNG.java:251)
at org.testng.remote.RemoteTestNG.main(RemoteTestNG.java:77)
]]>
            </full-stacktrace>
          </exception> <!-- java.lang.AssertionError -->
          <reporter-output>
          </reporter-output>
        </test-method> <!-- ShareDisabled -->
        <test-method is-config="true" signature="tearDown()[pri:0, instance:DashboardTests.DashboardTestcases@48bfb884]" started-at="2021-04-05T03:13:39 IST" name="tearDown" finished-at="2021-04-05T03:13:40 IST" duration-ms="675" status="PASS">
          <reporter-output>
          </reporter-output>
        </test-method> <!-- tearDown -->
        <test-method is-config="true" signature="setup()[pri:0, instance:DashboardTests.DashboardTestcases@48bfb884]" started-at="2021-04-05T03:13:40 IST" name="setup" finished-at="2021-04-05T03:13:43 IST" duration-ms="2520" status="PASS">
          <reporter-output>
          </reporter-output>
        </test-method> <!-- setup -->
        <test-method signature="NoDuplicates()[pri:13, instance:DashboardTests.DashboardTestcases@48bfb884]" started-at="2021-04-05T03:13:43 IST" name="NoDuplicates" finished-at="2021-04-05T03:13:44 IST" duration-ms="828" status="PASS">
          <reporter-output>
          </reporter-output>
        </test-method> <!-- NoDuplicates -->
        <test-method is-config="true" signature="tearDown()[pri:0, instance:DashboardTests.DashboardTestcases@48bfb884]" started-at="2021-04-05T03:13:44 IST" name="tearDown" finished-at="2021-04-05T03:13:44 IST" duration-ms="689" status="PASS">
          <reporter-output>
          </reporter-output>
        </test-method> <!-- tearDown -->
        <test-method is-config="true" signature="setup()[pri:0, instance:DashboardTests.DashboardTestcases@48bfb884]" started-at="2021-04-05T03:13:44 IST" name="setup" finished-at="2021-04-05T03:13:47 IST" duration-ms="2734" status="PASS">
          <reporter-output>
          </reporter-output>
        </test-method> <!-- setup -->
        <test-method signature="verifyblogoTest()[pri:14, instance:DashboardTests.DashboardTestcases@48bfb884]" started-at="2021-04-05T03:13:47 IST" name="verifyblogoTest" finished-at="2021-04-05T03:13:47 IST" duration-ms="31" status="PASS">
          <reporter-output>
          </reporter-output>
        </test-method> <!-- verifyblogoTest -->
        <test-method is-config="true" signature="tearDown()[pri:0, instance:DashboardTests.DashboardTestcases@48bfb884]" started-at="2021-04-05T03:13:47 IST" name="tearDown" finished-at="2021-04-05T03:13:48 IST" duration-ms="1500" status="PASS">
          <reporter-output>
          </reporter-output>
        </test-method> <!-- tearDown -->
      </class> <!-- DashboardTests.DashboardTestcases -->
    </test> <!-- Test -->
  </suite> <!-- Suite -->
</testng-results>
